Tesseract Crash Dump Sun Aug 20 03:46:13 UTC 2017

Error: Class napthe\napthe cannot extend from interface pocketmine\plugin\Plugin
File: /GlxNapThe_v1.0.0.phar/src/Napthe/napthe
Line: 28
Type: E_COMPILE_ERROR

THIS CRASH WAS CAUSED BY A PLUGIN

Code:
[19] use pocketmine\plugin\Plugin;
[20] use pocketmine\plugin\PluginManager;
[21] use pocketmine\plugin\PluginDescription;
[22] use pocketmine\utils\Config;
[23] use pocketmine\Player;
[24] use pocketmine\event\player\PlayerChatEvent;
[25] use pocketmine\event\HandlerList;
[26] use pocketnine\scheduler\Task;
[27] 
[28] Class napthe extends Plugin implements Listener {
[29] 	public $fc;
[30] 	public $baokim;
[31] 	private $saveTop;
[32] 	private $log;
[33] 	private $map;
[34] 	public function onEnable(){
[35] 		
[36] 		self::$plugin = $this;
[37] 		
[38] 	@mkdir($this->getDataFolder());

Backtrace:
#0 (): pocketmine\Server->crashDump(boolean)

Tesseract version: 0000000000000000000000000000000000000000 [Protocol 113; API 3.0.1]
uname -a: Linux localhost 3.10.65-8631431 #2 SMP PREEMPT Fri Nov 18 13:31:37 KST 2016 armv7l
PHP version: 7.0.3
Zend version: 3.0.0
OS : Linux, android

Server uptime: 26 seconds
Number of loaded worlds: 0
Players online: 0/20

Loaded plugins:
ManyWorlds 2.1.0 by aliuly for API(s) 2.0.0
FaceLogin 1.0.0 by Muqsit for API(s) 2.0.0, 3.0.0, 3.0.0-ALPHA4, 3.0.0-ALPHA5, 3.0.0-ALPHA6, 3.0.0-ALPHA67
SimpleAuth 1.7.1 by PocketMine Team, shoghicp for API(s) 1.12.0
EconomyAPI 2.0.9 by onebone for API(s) 1.0.0, 1.1.0, 1.2.0, 1.2.1, 1.3.0, 1.3.1, 1.4.0, 1.4.1
EconomyAuction 2.0.2 by onebone for API(s) 1.0.0, 1.1.0, 1.2.0, 1.2.1, 1.3.0, 1.3.1, 1.4.0, 1.4.1
EconomyCasino 2.0.2 by onebone for API(s) 1.0.0, 1.1.0, 1.2.0, 1.2.1, 1.3.0, 1.3.1, 1.4.0, 1.4.1
EconomyJob 2.0.4 by onebone for API(s) 1.0.0, 1.1.0, 1.2.0, 1.2.1, 1.3.0, 1.3.1, 1.4.0, 1.4.1
EconomyLand 2.0.9 by onebone for API(s) 1.12.0
EconomyPShop 2.0.2 by onebone for API(s) 1.12.0
EconomySell 2.0.7 by onebone for API(s) 1.12.0
EconomyShop 2.0.7 by onebone for API(s) 1.12.0
xRulesx 1.0.0 by xFlare for API(s) 1.8.0
SW_svile 0.6dev by svile for API(s) 2.0.0, 3.0.1, 3.0.0-ALPHA1, 3.0.0-ALPHA2, 3.0.0-ALPHA3, 3.0.0-ALPHA4, 3.0.0-ALPHA5, 3.0.0-ALPHA6, 3.0.0-ALPHA7
SClearLagg 1 by Sergey_Dertan for API(s) 1.8.0
Broadcaster 1.16 by EvolSoft for API(s) 1.12.0
EconomyTax 2.0.3 by onebone for API(s) 1.0.0, 1.1.0, 1.2.0, 1.2.1, 1.3.0, 1.3.1, 1.4.0, 1.4.1
MSpawns 1.5 by EvolSoft for API(s) 1.11.0
EconomyUsury 1.0.1 by onebone for API(s) 1.12.0
AntiSpam 1.3 by xBeastMode for API(s) 2.0.0
DevTools 1.11.0 by PocketMine Team for API(s) 3.0.0-ALPHA2
