Tesseract Crash Dump Mon Oct 2 03:31:08 UTC 2017

Error: Cannot declare class ThinkerS\QuayHom\Commands\hombinhthuong, because the name is already in use
File: /QuayHom_Lordsb_v0.1pro.phar/src/ThinkerS/QuayHom/Commands/ordinary
Line: 18
Type: E_COMPILE_ERROR

THIS CRASH WAS CAUSED BY A PLUGIN
BAD PLUGIN : QuayHom_Lordsb v0.1pro

Code:
[9] use pocketmine\level\Level;
[10] use pocketmine\math\Vector3;
[11] use pocketmine\inventory\Inventory;
[12] use pocketmine\level\particle\LavaParticle;
[13] use pocketmine\level\sound\EndermanTeleportSound;
[14] use pocketmine\command\Command;
[15] use pocketmine\command\CommandSender;
[16] use pocketmine\command\CommandExecutor;
[17] 
[18] class hombinhthuong extends PluginBase implements CommandExecutor{
[19] 	      public function __construct($plugin){
[20] 	           $this->plugin = $plugin;
[21] 		}
[22] 		public function onCommand(CommandSender $sender, Command $command, $label, array $args){
[23] 		     $cmd = strtolower($command->getName());
[24] 		     switch($cmd){
[25] 		        case "quaythuong":
[26] 		              if($sender instanceof Player){
[27] 			              $inv = $sender->getInventory();
[28] 			              if($inv->contains(Item::get(388,0,1))){

Backtrace:
#0 (): pocketmine\Server->crashDump(boolean)

Tesseract version: 0000000000000000000000000000000000000000 [Protocol 113; API 3.0.1]
uname -a: Linux localhost 3.10.65-8631431 #2 SMP PREEMPT Fri Nov 18 13:31:37 KST 2016 armv7l
PHP version: 7.0.3
Zend version: 3.0.0
OS : Linux, android

Server uptime: 29 minutes 45 seconds
Number of loaded worlds: 2
Players online: 0/20

Loaded plugins:
ManyWorlds 2.1.0 by aliuly for API(s) 2.0.0
FaceLogin 1.0.0 by Muqsit for API(s) 2.0.0, 3.0.0, 3.0.0-ALPHA4, 3.0.0-ALPHA5, 3.0.0-ALPHA6, 3.0.0-ALPHA67
SimpleAuth 1.8.1 by PocketMine Team, shoghicp, awzaw for API(s) 2.0.0, 3.0.0-ALPHA1, 3.0.0-ALPHA2, 3.0.0-ALPHA3, 3.0.0-ALPHA4, 3.0.0-ALPHA5
EconomyAPI 2.0.9 by onebone for API(s) 1.0.0, 1.1.0, 1.2.0, 1.2.1, 1.3.0, 1.3.1, 1.4.0, 1.4.1
EconomyAuction 2.0.2 by onebone for API(s) 1.0.0, 1.1.0, 1.2.0, 1.2.1, 1.3.0, 1.3.1, 1.4.0, 1.4.1
EconomyCasino 2.0.2 by onebone for API(s) 1.0.0, 1.1.0, 1.2.0, 1.2.1, 1.3.0, 1.3.1, 1.4.0, 1.4.1
EconomyJob 2.0.4 by onebone for API(s) 1.0.0, 1.1.0, 1.2.0, 1.2.1, 1.3.0, 1.3.1, 1.4.0, 1.4.1
EconomyLand 2.0.9 by onebone for API(s) 1.12.0
EconomyPShop 2.0.2 by onebone for API(s) 1.12.0
EconomySell 2.0.7 by onebone for API(s) 1.12.0
EconomyShop 2.0.7 by onebone for API(s) 1.12.0
ItemCMD 1 by TonyDroidd for API(s) 1.12.0
Bedwars 0.1 by EpicSteve33 for API(s) 1.15.0
SClearLagg 1 by Sergey_Dertan for API(s) 1.8.0
Broadcaster 1.16 by EvolSoft for API(s) 1.12.0
EconomyTax 2.0.3 by onebone for API(s) 1.0.0, 1.1.0, 1.2.0, 1.2.1, 1.3.0, 1.3.1, 1.4.0, 1.4.1
EconomyUsury 1.0.1 by onebone for API(s) 1.12.0
AntiSpam 1.3 by xBeastMode for API(s) 2.0.0
DevTools 1.11.0 by PocketMine Team for API(s) 3.0.0-ALPHA2
Sell 2 by Muqsit, KairusDarkSeeker for API(s) 2.0.0
Murder 0.3 [TG] by TheGrittlex for API(s) 3.0.0
PurePerms 1.3.5 by 64FF00 for API(s) 1.13.0, 2.0.0
MagicTelePortal 1.3.2 by aliuly for API(s) 1.10.0
SimpleAuthHelper 2.0.1 by aliuly for API(s) 1.12.0
StatusBoard_Planet 1 by ThaiEdit for API(s) 1.0.0, 2.0.0, 2.1.0, 3.0.0, 3.0.0-ALPHA1, 3.0.0-ALPHA2
ReportHacker 1.0.0 by applqpak for API(s) 1.0.0
JoinItems 1 by MaxFreeze for API(s) 2.0.0
FactionsPro 0.1#Beta by Array for API(s) 1.14.0, 2.0.0
DailyReward 1.3 by MrDoni98 for API(s) 3.0.0, 3.0.0-ALPHA6
AntiServerStop 1.1 by paetti for API(s) 1.0.0, 2.0.0, 3.0.0, 3.0.1, 3.1.0, 3.0.0-ALPHA1, 4.0.0, 5.0.0
BackPackPE 2 by LordHippo for API(s) 2.0.0BETA
BuyXP 1.0.0 by LordHippo for API(s) 1.0.0, 2.0.0, 3.0.0, 3.0.0-ALPHA5
Fly 1.0.0 by iiInfinityHD for API(s) 2.0.0
NapThe 4 by  for API(s) 3.0.0
SETVIP 2.3 by MCPEVN TEAM for API(s) 3.0.0
LuatStaff 1 by ThinkerS for API(s) 2.0.0, 2.1.0, 3.0.0, 3.0.0-ALPHA1, 3.0.0-ALPHA2, 3.0.0-ALPHA3
LuatChoi 1 by ThinkerS for API(s) 2.0.0, 2.1.0, 3.0.0, 3.0.0-ALPHA1, 3.0.0-ALPHA2, 3.0.0-ALPHA3
BangGia 0.5 by ThinkerS for API(s) 2.0.0, 2.1.0, 3.0.0, 3.0.0-ALPHA1, 3.0.0-ALPHA2, 3.0.0-ALPHA3
AdvancedKits 5.0b1 by luca28pet for API(s) 2.0.0
Trade[PTK] 1 by PTK-KienPham for API(s) 2.0.0, 3.0.0
ThongTin 1 by PMCoderTeam, ThinkerS, NP-NghiaPham, Zacky for API(s) 2.0.0
stone 1.2.0 by ฟรองซ์เอง ลบเครดิตกุตบ 555+ for API(s) 1.0.0, 1.1.0, 1.2.0, 1.2.1, 3.0.0-ALPHA6, 3.0.0-ALPHA5, 3.0.0-ALPHA4, 2.0.0
OpLogin 1 by  for API(s) 2.0.0
QuayHom_Lordsb 0.1pro by ThinkerS for API(s) 3.0.0, 2.1.0
BuyEnchant 1 by  for API(s) 2.0.0
Giftcode 1.2beta1 by  for API(s) 2.0.0
EconomyAirport 2.0.4 by onebone for API(s) 1.12.0
HealthBar 1.0.1 by LegendOfMCPE for API(s) 2.0.0, 3.0.1, 3.0.0-ALPHA1, 3.0.0-ALPHA2, 3.0.0-ALPHA3, 3.0.0-ALPHA4, 3.0.0-ALPHA5, 3.0.0-ALPHA6
BattleKits 1.0.4 by Falkirks for API(s) 1.0.0
PureChat 1.4.0 by 64FF00 for API(s) 1.13.0, 2.0.0
SimpleWarp 2.1.0 by Falkirks for API(s) 1.12.0
SkyBlock 2 by no name (edit by hugoDZgamer) for API(s) 3.0.1
RankUp 0.3.1 by Falkirks for API(s) 1.4.0
MyPlot 1.1.3 by Wiez, Exxarion, jasonwynn10 for API(s) 2.0.0, 2.1.0, 3.0.0-ALPHA1, 3.0.0-ALPHA2, 3.0.0-ALPHA3
