GenisysPro Crash Dump Wed Aug 16 02:44:42 UTC 2017

Error: Cannot use pocketmine\nbt\tag\String as String because 'String' is a special class name
File: /EconomyProperty_v2.0.6.phar/src/onebone/economyproperty/EconomyProperty
Line: 38
Type: E_COMPILE_ERROR

THIS CRASH WAS CAUSED BY A PLUGIN

Code:
[29] use pocketmine\level\Level;
[30] use pocketmine\level\Position;
[31] use pocketmine\math\Vector3;
[32] use pocketmine\block\SignPost;
[33] use pocketmine\block\Air;
[34] use pocketmine\tile\Sign;
[35] use pocketmine\block\Block;
[36] use pocketmine\item\Item;
[37] use pocketmine\nbt\tag\Compound;
[38] use pocketmine\nbt\tag\String;
[39] use pocketmine\nbt\tag\Int;
[40] use pocketmine\tile\Tile;
[41] 
[42] use onebone\economyapi\EconomyAPI;
[43] 
[44] use onebone\economyland\EconomyLand;
[45] 
[46] class EconomyProperty extends PluginBase implements Listener{
[47] 	/**
[48] 	 * @var \SQLite3

Backtrace:
#0 (): pocketmine\Server->crashDump(boolean)

Genisys version: 0000000000000000000000000000000000000000 [Protocol 113; API 3.0.1]
uname -a: Linux localhost 3.10.65-8631431 #2 SMP PREEMPT Fri Nov 18 13:31:37 KST 2016 armv7l
PHP version: 7.0.3
Zend version: 3.0.0
OS : Linux, android

Server uptime: 8 seconds
Number of loaded worlds: 0
Players online: 0/20

Loaded plugins:
ManyWorlds 2.1.0 by aliuly for API(s) 2.0.0
FaceLogin 1.0.0 by Muqsit for API(s) 2.0.0, 3.0.0, 3.0.0-ALPHA4, 3.0.0-ALPHA5, 3.0.0-ALPHA6, 3.0.0-ALPHA67
SimpleAuth 1.7.1 by PocketMine Team, shoghicp for API(s) 1.12.0
EconomyAPI 2.0.9 by onebone for API(s) 1.0.0, 1.1.0, 1.2.0, 1.2.1, 1.3.0, 1.3.1, 1.4.0, 1.4.1
EconomyAuction 2.0.2 by onebone for API(s) 1.0.0, 1.1.0, 1.2.0, 1.2.1, 1.3.0, 1.3.1, 1.4.0, 1.4.1
EconomyCasino 2.0.2 by onebone for API(s) 1.0.0, 1.1.0, 1.2.0, 1.2.1, 1.3.0, 1.3.1, 1.4.0, 1.4.1
EconomyJob 2.0.4 by onebone for API(s) 1.0.0, 1.1.0, 1.2.0, 1.2.1, 1.3.0, 1.3.1, 1.4.0, 1.4.1
EconomyLand 2.0.9 by onebone for API(s) 1.12.0
