Tesseract Crash Dump Sat Aug 26 05:32:17 UTC 2017

Error: Declaration of SkyBlock\generator\generators\BasicIsland::generateChunk(int $chunkX, int $chunkZ) must be compatible with pocketmine\level\generator\Generator::generateChunk($chunkX, $chunkZ)
File: /SkyBlock_v0.1.8.phar/src/SkyBlock/generator/generators/BasicIsland
Line: 12
Type: E_COMPILE_ERROR

THIS CRASH WAS CAUSED BY A PLUGIN
BAD PLUGIN : SkyBlock v0.1.8

Code:
[3] namespace SkyBlock\generator\generators;
[4] 
[5] use pocketmine\block\Block;
[6] use pocketmine\level\ChunkManager;
[7] use pocketmine\level\generator\object\Tree;
[8] use pocketmine\math\Vector3;
[9] use pocketmine\utils\Random;
[10] use SkyBlock\generator\SkyBlockGenerator;
[11] 
[12] class BasicIsland extends SkyBlockGenerator {
[13] 
[14]     /** @var array */
[15]     private $settings;
[16] 
[17]     /** @var string */
[18]     private $name;
[19] 
[20]     /** @var ChunkManager */
[21]     private $level;
[22] 

Backtrace:
#0 (): pocketmine\Server->crashDump(boolean)

Tesseract version: 0000000000000000000000000000000000000000 [Protocol 113; API 3.0.1]
uname -a: Linux localhost 3.10.65-8631431 #2 SMP PREEMPT Fri Nov 18 13:31:37 KST 2016 armv7l
PHP version: 7.0.3
Zend version: 3.0.0
OS : Linux, android

Server uptime: 32 seconds
Number of loaded worlds: 2
Players online: 0/20

Loaded plugins:
ManyWorlds 2.1.0 by aliuly for API(s) 2.0.0
FaceLogin 1.0.0 by Muqsit for API(s) 2.0.0, 3.0.0, 3.0.0-ALPHA4, 3.0.0-ALPHA5, 3.0.0-ALPHA6, 3.0.0-ALPHA67
EconomyAPI 2.0.9 by onebone for API(s) 1.0.0, 1.1.0, 1.2.0, 1.2.1, 1.3.0, 1.3.1, 1.4.0, 1.4.1
EconomyAuction 2.0.2 by onebone for API(s) 1.0.0, 1.1.0, 1.2.0, 1.2.1, 1.3.0, 1.3.1, 1.4.0, 1.4.1
EconomyCasino 2.0.2 by onebone for API(s) 1.0.0, 1.1.0, 1.2.0, 1.2.1, 1.3.0, 1.3.1, 1.4.0, 1.4.1
EconomyJob 2.0.4 by onebone for API(s) 1.0.0, 1.1.0, 1.2.0, 1.2.1, 1.3.0, 1.3.1, 1.4.0, 1.4.1
EconomyLand 2.0.9 by onebone for API(s) 1.12.0
EconomyPShop 2.0.2 by onebone for API(s) 1.12.0
EconomySell 2.0.7 by onebone for API(s) 1.12.0
EconomyShop 2.0.7 by onebone for API(s) 1.12.0
ChatCensor 1.4 by EvolSoft for API(s) 1.9.0
Bedwars 0.1 by EpicSteve33 for API(s) 1.15.0
SClearLagg 1 by Sergey_Dertan for API(s) 1.8.0
Broadcaster 1.16 by EvolSoft for API(s) 1.12.0
EconomyTax 2.0.3 by onebone for API(s) 1.0.0, 1.1.0, 1.2.0, 1.2.1, 1.3.0, 1.3.1, 1.4.0, 1.4.1
EconomyUsury 1.0.1 by onebone for API(s) 1.12.0
AntiSpam 1.3 by xBeastMode for API(s) 2.0.0
DevTools 1.11.0 by PocketMine Team for API(s) 3.0.0-ALPHA2
AuthPES 0.2 by PocketMine Team, ThinkerS for API(s) 1.12.0
Sell 2 by Muqsit, KairusDarkSeeker for API(s) 2.0.0
SkyBlock 0.1.8 by GiantQuartz for API(s) 3.0.0-ALPHA7
PurePerms 1.3.5 by 64FF00 for API(s) 1.13.0, 2.0.0
EconomyAirport 2.0.4 by onebone for API(s) 1.12.0
HealthBar 1.0.1 by LegendOfMCPE for API(s) 2.0.0, 3.0.1, 3.0.0-ALPHA1, 3.0.0-ALPHA2, 3.0.0-ALPHA3, 3.0.0-ALPHA4, 3.0.0-ALPHA5, 3.0.0-ALPHA6
BattleKits 1.0.4 by Falkirks for API(s) 1.0.0
PureChat 1.4.0 by 64FF00 for API(s) 1.13.0, 2.0.0
