Tesseract Crash Dump Wed Aug 23 14:20:35 UTC 2017

Error: syntax error, unexpected '}'
File: /LuatChoi_v1.phar/src/ThinkerS/LuatChoi/Main
Line: 22
Type: notice

THIS CRASH WAS CAUSED BY A PLUGIN

Code:
[13] use ThinkerS\LuatChoi\tasks\Task1;
[14] 
[15] 
[16] class Main extends PluginBase{
[17] 
[18] 
[19]    public function onEnable(){
[20]         $this->reloadConfig();
[21] \n        // $this->getServer()->getScheduler()->scheduler<Delayed or Repeating>Task(new Task5($this), <TIME>);\n        // $this->getServer()->getScheduler()->scheduler<Delayed or Repeating>Task(new Task4($this), <TIME>);\n        // $this->getServer()->getScheduler()->scheduler<Delayed or Repeating>Task(new Task3($this), <TIME>);\n        // $this->getServer()->getScheduler()->scheduler<Delayed or Repeating>Task(new Task2($this), <TIME>);\n        // $this->getServer()->getScheduler()->scheduler<Delayed or Repeating>Task(new Task1($this), <TIME>);
[22]     }
[23] 
[24] 
[25]     public function onLoad(){
[26]         $this->saveDefaultConfig();
[27]     }
[28] 
[29] 
[30]     public function onCommand(CommandSender $sender, Command $cmd, $label, array $args){
[31]         switch($cmd->getName()){
[32]             case "default":

Backtrace:
#0 (): spl_autoload_call(string ThinkerS\LuatChoi\Main)
#1 /src/pocketmine/plugin/PharPluginLoader(63): class_exists(string ThinkerS\LuatChoi\Main, boolean 1)
#2 /src/pocketmine/plugin/PluginManager(311): pocketmine\plugin\PharPluginLoader->loadPlugin(string phar:///storage/emulated/0/PocketMine/plugins/LuatChoi_v1.phar)
#3 /src/pocketmine/plugin/PluginManager(245): pocketmine\plugin\PluginManager->loadPlugin(string /storage/emulated/0/PocketMine/plugins/LuatChoi_v1.phar, array Array())
#4 /src/pocketmine/Server(503): pocketmine\plugin\PluginManager->loadPlugins(string /storage/emulated/0/PocketMine/plugins/)
#5 /src/pocketmine/PocketMine(488): pocketmine\Server->__construct(BaseClassLoader object, pocketmine\utils\MainLogger object, string phar:///storage/emulated/0/PocketMine/PocketMine-MP.phar/, string /storage/emulated/0/PocketMine/, string /storage/emulated/0/PocketMine/plugins/, string unknown)
#6 (1): require_once(string phar:///storage/emulated/0/PocketMine/PocketMine-MP.phar/src/pocketmine/PocketMine.php)

Tesseract version: 0000000000000000000000000000000000000000 [Protocol 113; API 3.0.1]
uname -a: Linux localhost 3.10.65-8631431 #2 SMP PREEMPT Fri Nov 18 13:31:37 KST 2016 armv7l
PHP version: 7.0.3
Zend version: 3.0.0
OS : Linux, android

Server uptime: 25 seconds
Number of loaded worlds: 0
Players online: 0/20

Loaded plugins:
ManyWorlds 2.1.0 by aliuly for API(s) 2.0.0
FaceLogin 1.0.0 by Muqsit for API(s) 2.0.0, 3.0.0, 3.0.0-ALPHA4, 3.0.0-ALPHA5, 3.0.0-ALPHA6, 3.0.0-ALPHA67
EconomyAPI 2.0.9 by onebone for API(s) 1.0.0, 1.1.0, 1.2.0, 1.2.1, 1.3.0, 1.3.1, 1.4.0, 1.4.1
EconomyAuction 2.0.2 by onebone for API(s) 1.0.0, 1.1.0, 1.2.0, 1.2.1, 1.3.0, 1.3.1, 1.4.0, 1.4.1
EconomyCasino 2.0.2 by onebone for API(s) 1.0.0, 1.1.0, 1.2.0, 1.2.1, 1.3.0, 1.3.1, 1.4.0, 1.4.1
EconomyJob 2.0.4 by onebone for API(s) 1.0.0, 1.1.0, 1.2.0, 1.2.1, 1.3.0, 1.3.1, 1.4.0, 1.4.1
EconomyLand 2.0.9 by onebone for API(s) 1.12.0
EconomyPShop 2.0.2 by onebone for API(s) 1.12.0
EconomySell 2.0.7 by onebone for API(s) 1.12.0
EconomyShop 2.0.7 by onebone for API(s) 1.12.0
ChatCensor 1.4 by EvolSoft for API(s) 1.9.0
Bedwars 0.1 by EpicSteve33 for API(s) 1.15.0
SClearLagg 1 by Sergey_Dertan for API(s) 1.8.0
Broadcaster 1.16 by EvolSoft for API(s) 1.12.0
EconomyTax 2.0.3 by onebone for API(s) 1.0.0, 1.1.0, 1.2.0, 1.2.1, 1.3.0, 1.3.1, 1.4.0, 1.4.1
EconomyUsury 1.0.1 by onebone for API(s) 1.12.0
AntiSpam 1.3 by xBeastMode for API(s) 2.0.0
DevTools 1.11.0 by PocketMine Team for API(s) 3.0.0-ALPHA2
AuthPES 0.2 by PocketMine Team, ThinkerS for API(s) 1.12.0
Sell 2 by Muqsit, KairusDarkSeeker for API(s) 2.0.0
